<?xml version="1.0" encoding="UTF-8"?>
<!-- Generated by org.testng.reporters.JUnitXMLReporter -->
<testsuite ignored="0" hostname="DESKTOP-E2BLRP9" failures="0" tests="4" name="Default test" time="30.387" errors="0" timestamp="2023-11-16T12:15:50 IST">
  <testcase classname="Packag_comp.Comphre_class1" name="testPageLinks" time="11.604"/>
  <testcase classname="Packag_comp.Comphre_class1" name="testPageLinks" time="4.644"/>
  <testcase classname="Packag_comp.Comphre_class1" name="testPageLinks" time="4.278"/>
  <testcase classname="Packag_comp.Comphre_class1" name="testPageLinks" time="5.219"/>
</testsuite> <!-- Default test -->
